09:25:56.971 [restartedMain] INFO  c.r.RuoYiApplication - [logStarting,50] - Starting RuoYiApplication on hongweiangdeMBP.lan with PID 1391 (/Users/hongweixiang/Neusoft/TEST/RuoYi-Vue/ruoyi-admin/target/classes started by hongweixiang in /Users/hongweixiang/Neusoft/TEST/RuoYi-Vue)
09:25:56.976 [restartedMain] INFO  c.r.RuoYiApplication - [logStartupProfileInfo,679] - The following profiles are active: druid
09:25:58.755 [restartedMain] INFO  o.a.c.h.Http11NioProtocol - [log,173] - Initializing ProtocolHandler ["http-nio-8087"]
09:25:58.762 [restartedMain] INFO  o.a.c.c.StandardService - [log,173] - Starting service [Tomcat]
09:25:58.762 [restartedMain] INFO  o.a.c.c.StandardEngine - [log,173] - Starting Servlet Engine: Apache Tomcat/9.0.13
09:25:58.765 [restartedMain] INFO  o.a.c.c.AprLifecycleListener - [log,173] - The APR based Apache Tomcat Native library which allows optimal performance in production environments was not found on the java.library.path: [/Users/hongweixiang/Library/Java/Extensions:/Library/Java/Extensions:/Network/Library/Java/Extensions:/System/Library/Java/Extensions:/usr/lib/java:.]
09:25:58.819 [restartedMain] INFO  o.a.c.c.C.[.[.[/] - [log,173] - Initializing Spring embedded WebApplicationContext
09:26:00.114 [restartedMain] INFO  c.a.d.p.DruidDataSource - [init,991] - {dataSource-1} inited
09:26:00.313 [restartedMain] INFO  i.l.c.EpollProvider - [<clinit>,68] - Starting without optional epoll library
09:26:00.314 [restartedMain] INFO  i.l.c.KqueueProvider - [<clinit>,70] - Starting without optional kqueue library
09:26:00.935 [restartedMain] INFO  o.q.i.StdSchedulerFactory - [instantiate,1208] - Using default implementation for ThreadExecutor
09:26:01.093 [restartedMain] INFO  o.q.c.SchedulerSignalerImpl - [<init>,61] - Initialized Scheduler Signaller of type: class org.quartz.core.SchedulerSignalerImpl
09:26:01.094 [restartedMain] INFO  o.q.c.QuartzScheduler - [<init>,229] - Quartz Scheduler v.2.3.0 created.
09:26:01.097 [restartedMain] INFO  o.q.c.QuartzScheduler - [initialize,294] - Scheduler meta-data: Quartz Scheduler (v2.3.0) 'RuoyiScheduler' with instanceId 'hongweiangdeMBP.lan1599009960935'
  Scheduler class: 'org.quartz.core.QuartzScheduler' - running locally.
  NOT STARTED.
  Currently in standby mode.
  Number of jobs executed: 0
  Using thread pool 'org.quartz.simpl.SimpleThreadPool' - with 20 threads.
  Using job-store 'org.springframework.scheduling.quartz.LocalDataSourceJobStore' - which supports persistence. and is clustered.

09:26:01.097 [restartedMain] INFO  o.q.i.StdSchedulerFactory - [instantiate,1362] - Quartz scheduler 'RuoyiScheduler' initialized from an externally provided properties instance.
09:26:01.097 [restartedMain] INFO  o.q.i.StdSchedulerFactory - [instantiate,1366] - Quartz scheduler version: 2.3.0
09:26:01.098 [restartedMain] INFO  o.q.c.QuartzScheduler - [setJobFactory,2287] - JobFactory set to: org.springframework.scheduling.quartz.AdaptableJobFactory@2081abb
09:26:03.458 [restartedMain] INFO  s.d.s.w.PropertySourcedRequestMappingHandlerMapping - [initHandlerMethods,69] - Mapped URL path [/v2/api-docs] onto method [public org.springframework.http.ResponseEntity<springfox.documentation.spring.web.json.Json> springfox.documentation.swagger2.web.Swagger2Controller.getDocumentation(java.lang.String,javax.servlet.http.HttpServletRequest)]
09:26:04.327 [restartedMain] INFO  s.d.s.w.p.DocumentationPluginsBootstrapper - [start,160] - Context refreshed
09:26:04.340 [restartedMain] INFO  s.d.s.w.p.DocumentationPluginsBootstrapper - [start,163] - Found 1 custom documentation plugin(s)
09:26:04.381 [restartedMain] INFO  s.d.s.w.s.ApiListingReferenceScanner - [scan,41] - Scanning for api listing references
09:26:04.497 [restartedMain] INFO  o.a.c.h.Http11NioProtocol - [log,173] - Starting ProtocolHandler ["http-nio-8087"]
09:26:04.500 [restartedMain] INFO  o.a.t.u.n.NioSelectorPool - [log,173] - Using a shared selector for servlet write/read
09:26:04.514 [restartedMain] INFO  c.r.RuoYiApplication - [logStarted,59] - Started RuoYiApplication in 7.817 seconds (JVM running for 8.376)
09:26:05.616 [Quartz Scheduler [RuoyiScheduler]] INFO  o.q.c.QuartzScheduler - [start,547] - Scheduler RuoyiScheduler_$_hongweiangdeMBP.lan1599009960935 started.
09:26:12.196 [http-nio-8087-exec-1] INFO  o.a.c.c.C.[.[.[/] - [log,173] - Initializing Spring DispatcherServlet 'dispatcherServlet'
09:26:32.854 [schedule-pool-1] INFO  sys-user - [run,54] - [127.0.0.1]内网IP[barry][Success][登录成功]
09:43:41.770 [Thread-18] INFO  o.q.c.QuartzScheduler - [standby,585] - Scheduler RuoyiScheduler_$_hongweiangdeMBP.lan1599009960935 paused.
09:43:41.774 [Thread-18] INFO  o.q.c.QuartzScheduler - [shutdown,666] - Scheduler RuoyiScheduler_$_hongweiangdeMBP.lan1599009960935 shutting down.
09:43:41.774 [Thread-18] INFO  o.q.c.QuartzScheduler - [standby,585] - Scheduler RuoyiScheduler_$_hongweiangdeMBP.lan1599009960935 paused.
09:43:41.775 [Thread-18] INFO  o.q.c.QuartzScheduler - [shutdown,740] - Scheduler RuoyiScheduler_$_hongweiangdeMBP.lan1599009960935 shutdown complete.
09:43:41.775 [Thread-18] INFO  sys-user - [shutdownAsyncManager,31] - ====关闭后台任务任务线程池====
09:43:41.782 [Thread-18] INFO  c.a.d.p.DruidDataSource - [close,1928] - {dataSource-1} closed
09:43:52.581 [restartedMain] INFO  c.r.RuoYiApplication - [logStarting,50] - Starting RuoYiApplication on hongweiangdeMBP.lan with PID 1391 (/Users/hongweixiang/Neusoft/TEST/RuoYi-Vue/ruoyi-admin/target/classes started by hongweixiang in /Users/hongweixiang/Neusoft/TEST/RuoYi-Vue)
09:43:52.581 [restartedMain] INFO  c.r.RuoYiApplication - [logStartupProfileInfo,679] - The following profiles are active: druid
09:43:53.745 [restartedMain] INFO  o.a.c.c.StandardService - [log,173] - Starting service [Tomcat]
09:43:53.746 [restartedMain] INFO  o.a.c.c.StandardEngine - [log,173] - Starting Servlet Engine: Apache Tomcat/9.0.13
09:43:53.756 [restartedMain] INFO  o.a.c.c.C.[.[.[/] - [log,173] - Initializing Spring embedded WebApplicationContext
09:43:54.831 [restartedMain] INFO  c.a.d.p.DruidDataSource - [init,991] - {dataSource-2} inited
09:43:55.295 [restartedMain] INFO  o.q.i.StdSchedulerFactory - [instantiate,1208] - Using default implementation for ThreadExecutor
09:43:55.297 [restartedMain] INFO  o.q.c.SchedulerSignalerImpl - [<init>,61] - Initialized Scheduler Signaller of type: class org.quartz.core.SchedulerSignalerImpl
09:43:55.297 [restartedMain] INFO  o.q.c.QuartzScheduler - [<init>,229] - Quartz Scheduler v.2.3.0 created.
09:43:55.298 [restartedMain] INFO  o.q.c.QuartzScheduler - [initialize,294] - Scheduler meta-data: Quartz Scheduler (v2.3.0) 'RuoyiScheduler' with instanceId 'hongweiangdeMBP.lan1599011035296'
  Scheduler class: 'org.quartz.core.QuartzScheduler' - running locally.
  NOT STARTED.
  Currently in standby mode.
  Number of jobs executed: 0
  Using thread pool 'org.quartz.simpl.SimpleThreadPool' - with 20 threads.
  Using job-store 'org.springframework.scheduling.quartz.LocalDataSourceJobStore' - which supports persistence. and is clustered.

09:43:55.298 [restartedMain] INFO  o.q.i.StdSchedulerFactory - [instantiate,1362] - Quartz scheduler 'RuoyiScheduler' initialized from an externally provided properties instance.
09:43:55.298 [restartedMain] INFO  o.q.i.StdSchedulerFactory - [instantiate,1366] - Quartz scheduler version: 2.3.0
09:43:55.298 [restartedMain] INFO  o.q.c.QuartzScheduler - [setJobFactory,2287] - JobFactory set to: org.springframework.scheduling.quartz.AdaptableJobFactory@69eb1c5b
09:43:57.440 [restartedMain] INFO  s.d.s.w.PropertySourcedRequestMappingHandlerMapping - [initHandlerMethods,69] - Mapped URL path [/v2/api-docs] onto method [public org.springframework.http.ResponseEntity<springfox.documentation.spring.web.json.Json> springfox.documentation.swagger2.web.Swagger2Controller.getDocumentation(java.lang.String,javax.servlet.http.HttpServletRequest)]
09:43:58.019 [restartedMain] INFO  s.d.s.w.p.DocumentationPluginsBootstrapper - [start,160] - Context refreshed
09:43:58.020 [restartedMain] INFO  s.d.s.w.p.DocumentationPluginsBootstrapper - [start,163] - Found 1 custom documentation plugin(s)
09:43:58.033 [restartedMain] INFO  s.d.s.w.s.ApiListingReferenceScanner - [scan,41] - Scanning for api listing references
09:43:58.065 [restartedMain] INFO  c.r.RuoYiApplication - [logStarted,59] - Started RuoYiApplication in 5.54 seconds (JVM running for 1081.912)
09:43:58.574 [Thread-44] INFO  o.q.c.QuartzScheduler - [shutdown,666] - Scheduler RuoyiScheduler_$_hongweiangdeMBP.lan1599011035296 shutting down.
09:43:58.574 [Thread-44] INFO  o.q.c.QuartzScheduler - [standby,585] - Scheduler RuoyiScheduler_$_hongweiangdeMBP.lan1599011035296 paused.
09:43:58.574 [Thread-44] INFO  o.q.c.QuartzScheduler - [shutdown,740] - Scheduler RuoyiScheduler_$_hongweiangdeMBP.lan1599011035296 shutdown complete.
09:43:58.575 [Thread-44] INFO  sys-user - [shutdownAsyncManager,31] - ====关闭后台任务任务线程池====
09:43:58.577 [Thread-44] INFO  c.a.d.p.DruidDataSource - [close,1928] - {dataSource-2} closed
09:44:03.400 [restartedMain] INFO  c.r.RuoYiApplication - [logStarting,50] - Starting RuoYiApplication on hongweiangdeMBP.lan with PID 2484 (/Users/hongweixiang/Neusoft/TEST/RuoYi-Vue/ruoyi-admin/target/classes started by hongweixiang in /Users/hongweixiang/Neusoft/TEST/RuoYi-Vue)
09:44:03.403 [restartedMain] INFO  c.r.RuoYiApplication - [logStartupProfileInfo,679] - The following profiles are active: druid
09:44:05.454 [restartedMain] INFO  o.a.c.h.Http11NioProtocol - [log,173] - Initializing ProtocolHandler ["http-nio-8087"]
09:44:05.461 [restartedMain] INFO  o.a.c.c.StandardService - [log,173] - Starting service [Tomcat]
09:44:05.462 [restartedMain] INFO  o.a.c.c.StandardEngine - [log,173] - Starting Servlet Engine: Apache Tomcat/9.0.13
09:44:05.468 [restartedMain] INFO  o.a.c.c.AprLifecycleListener - [log,173] - The APR based Apache Tomcat Native library which allows optimal performance in production environments was not found on the java.library.path: [/Users/hongweixiang/Library/Java/Extensions:/Library/Java/Extensions:/Network/Library/Java/Extensions:/System/Library/Java/Extensions:/usr/lib/java:.]
09:44:05.532 [restartedMain] INFO  o.a.c.c.C.[.[.[/] - [log,173] - Initializing Spring embedded WebApplicationContext
09:44:07.002 [restartedMain] INFO  c.a.d.p.DruidDataSource - [init,991] - {dataSource-1} inited
09:44:07.176 [restartedMain] INFO  i.l.c.EpollProvider - [<clinit>,68] - Starting without optional epoll library
09:44:07.178 [restartedMain] INFO  i.l.c.KqueueProvider - [<clinit>,70] - Starting without optional kqueue library
09:44:07.874 [restartedMain] INFO  o.q.i.StdSchedulerFactory - [instantiate,1208] - Using default implementation for ThreadExecutor
09:44:08.059 [restartedMain] INFO  o.q.c.SchedulerSignalerImpl - [<init>,61] - Initialized Scheduler Signaller of type: class org.quartz.core.SchedulerSignalerImpl
09:44:08.060 [restartedMain] INFO  o.q.c.QuartzScheduler - [<init>,229] - Quartz Scheduler v.2.3.0 created.
09:44:08.066 [restartedMain] INFO  o.q.c.QuartzScheduler - [initialize,294] - Scheduler meta-data: Quartz Scheduler (v2.3.0) 'RuoyiScheduler' with instanceId 'hongweiangdeMBP.lan1599011047875'
  Scheduler class: 'org.quartz.core.QuartzScheduler' - running locally.
  NOT STARTED.
  Currently in standby mode.
  Number of jobs executed: 0
  Using thread pool 'org.quartz.simpl.SimpleThreadPool' - with 20 threads.
  Using job-store 'org.springframework.scheduling.quartz.LocalDataSourceJobStore' - which supports persistence. and is clustered.

09:44:08.067 [restartedMain] INFO  o.q.i.StdSchedulerFactory - [instantiate,1362] - Quartz scheduler 'RuoyiScheduler' initialized from an externally provided properties instance.
09:44:08.067 [restartedMain] INFO  o.q.i.StdSchedulerFactory - [instantiate,1366] - Quartz scheduler version: 2.3.0
09:44:08.068 [restartedMain] INFO  o.q.c.QuartzScheduler - [setJobFactory,2287] - JobFactory set to: org.springframework.scheduling.quartz.AdaptableJobFactory@3b56658a
09:44:10.369 [restartedMain] INFO  s.d.s.w.PropertySourcedRequestMappingHandlerMapping - [initHandlerMethods,69] - Mapped URL path [/v2/api-docs] onto method [public org.springframework.http.ResponseEntity<springfox.documentation.spring.web.json.Json> springfox.documentation.swagger2.web.Swagger2Controller.getDocumentation(java.lang.String,javax.servlet.http.HttpServletRequest)]
09:44:11.264 [restartedMain] INFO  s.d.s.w.p.DocumentationPluginsBootstrapper - [start,160] - Context refreshed
09:44:11.275 [restartedMain] INFO  s.d.s.w.p.DocumentationPluginsBootstrapper - [start,163] - Found 1 custom documentation plugin(s)
09:44:11.315 [restartedMain] INFO  s.d.s.w.s.ApiListingReferenceScanner - [scan,41] - Scanning for api listing references
09:44:11.425 [restartedMain] INFO  o.a.c.h.Http11NioProtocol - [log,173] - Starting ProtocolHandler ["http-nio-8087"]
09:44:11.428 [restartedMain] INFO  o.a.t.u.n.NioSelectorPool - [log,173] - Using a shared selector for servlet write/read
09:44:11.445 [restartedMain] INFO  c.r.RuoYiApplication - [logStarted,59] - Started RuoYiApplication in 8.309 seconds (JVM running for 8.943)
09:44:12.628 [Quartz Scheduler [RuoyiScheduler]] INFO  o.q.c.QuartzScheduler - [start,547] - Scheduler RuoyiScheduler_$_hongweiangdeMBP.lan1599011047875 started.
09:44:50.508 [http-nio-8087-exec-1] INFO  o.a.c.c.C.[.[.[/] - [log,173] - Initializing Spring DispatcherServlet 'dispatcherServlet'
09:44:50.622 [schedule-pool-1] INFO  sys-user - [run,54] - [127.0.0.1]内网IP[barry][Logout][退出成功]
09:44:58.768 [schedule-pool-1] INFO  sys-user - [run,54] - [127.0.0.1]内网IP[barry][Success][登录成功]
