14:04:43.402 [restartedMain] INFO  c.r.RuoYiApplication - [logStarting,50] - Starting RuoYiApplication on hongweiangdeMBP.lan with PID 7664 (/Users/hongweixiang/Neusoft/TEST/RuoYi-Vue/ruoyi-admin/target/classes started by hongweixiang in /Users/hongweixiang/Neusoft/TEST/RuoYi-Vue)
14:04:43.409 [restartedMain] INFO  c.r.RuoYiApplication - [logStartupProfileInfo,679] - The following profiles are active: druid
14:04:45.494 [restartedMain] INFO  o.a.c.h.Http11NioProtocol - [log,173] - Initializing ProtocolHandler ["http-nio-8087"]
14:04:45.503 [restartedMain] INFO  o.a.c.c.StandardService - [log,173] - Starting service [Tomcat]
14:04:45.503 [restartedMain] INFO  o.a.c.c.StandardEngine - [log,173] - Starting Servlet Engine: Apache Tomcat/9.0.13
14:04:45.510 [restartedMain] INFO  o.a.c.c.AprLifecycleListener - [log,173] - The APR based Apache Tomcat Native library which allows optimal performance in production environments was not found on the java.library.path: [/Users/hongweixiang/Library/Java/Extensions:/Library/Java/Extensions:/Network/Library/Java/Extensions:/System/Library/Java/Extensions:/usr/lib/java:.]
14:04:45.582 [restartedMain] INFO  o.a.c.c.C.[.[.[/] - [log,173] - Initializing Spring embedded WebApplicationContext
14:04:47.210 [restartedMain] INFO  c.a.d.p.DruidDataSource - [init,991] - {dataSource-1} inited
14:04:47.497 [restartedMain] INFO  i.l.c.EpollProvider - [<clinit>,68] - Starting without optional epoll library
14:04:47.498 [restartedMain] INFO  i.l.c.KqueueProvider - [<clinit>,70] - Starting without optional kqueue library
14:04:48.132 [restartedMain] INFO  o.q.i.StdSchedulerFactory - [instantiate,1208] - Using default implementation for ThreadExecutor
14:04:48.143 [restartedMain] INFO  o.q.c.SchedulerSignalerImpl - [<init>,61] - Initialized Scheduler Signaller of type: class org.quartz.core.SchedulerSignalerImpl
14:04:48.143 [restartedMain] INFO  o.q.c.QuartzScheduler - [<init>,229] - Quartz Scheduler v.2.3.0 created.
14:04:48.307 [restartedMain] INFO  o.q.c.QuartzScheduler - [initialize,294] - Scheduler meta-data: Quartz Scheduler (v2.3.0) 'RuoyiScheduler' with instanceId 'hongweiangdeMBP.lan1598853888134'
  Scheduler class: 'org.quartz.core.QuartzScheduler' - running locally.
  NOT STARTED.
  Currently in standby mode.
  Number of jobs executed: 0
  Using thread pool 'org.quartz.simpl.SimpleThreadPool' - with 20 threads.
  Using job-store 'org.springframework.scheduling.quartz.LocalDataSourceJobStore' - which supports persistence. and is clustered.

14:04:48.307 [restartedMain] INFO  o.q.i.StdSchedulerFactory - [instantiate,1362] - Quartz scheduler 'RuoyiScheduler' initialized from an externally provided properties instance.
14:04:48.307 [restartedMain] INFO  o.q.i.StdSchedulerFactory - [instantiate,1366] - Quartz scheduler version: 2.3.0
14:04:48.309 [restartedMain] INFO  o.q.c.QuartzScheduler - [setJobFactory,2287] - JobFactory set to: org.springframework.scheduling.quartz.AdaptableJobFactory@421c7a9c
14:04:50.502 [restartedMain] INFO  s.d.s.w.PropertySourcedRequestMappingHandlerMapping - [initHandlerMethods,69] - Mapped URL path [/v2/api-docs] onto method [public org.springframework.http.ResponseEntity<springfox.documentation.spring.web.json.Json> springfox.documentation.swagger2.web.Swagger2Controller.getDocumentation(java.lang.String,javax.servlet.http.HttpServletRequest)]
14:04:51.419 [restartedMain] INFO  s.d.s.w.p.DocumentationPluginsBootstrapper - [start,160] - Context refreshed
14:04:51.436 [restartedMain] INFO  s.d.s.w.p.DocumentationPluginsBootstrapper - [start,163] - Found 1 custom documentation plugin(s)
14:04:51.477 [restartedMain] INFO  s.d.s.w.s.ApiListingReferenceScanner - [scan,41] - Scanning for api listing references
14:04:51.590 [restartedMain] INFO  o.a.c.h.Http11NioProtocol - [log,173] - Starting ProtocolHandler ["http-nio-8087"]
14:04:51.593 [restartedMain] INFO  o.a.t.u.n.NioSelectorPool - [log,173] - Using a shared selector for servlet write/read
14:04:51.609 [restartedMain] INFO  c.r.RuoYiApplication - [logStarted,59] - Started RuoYiApplication in 8.565 seconds (JVM running for 9.188)
14:04:52.712 [Quartz Scheduler [RuoyiScheduler]] INFO  o.q.c.QuartzScheduler - [start,547] - Scheduler RuoyiScheduler_$_hongweiangdeMBP.lan1598853888134 started.
14:37:18.464 [http-nio-8087-exec-1] INFO  o.a.c.c.C.[.[.[/] - [log,173] - Initializing Spring DispatcherServlet 'dispatcherServlet'
15:06:45.154 [schedule-pool-1] INFO  sys-user - [run,54] - [127.0.0.1]内网IP[barry][Success][登录成功]
15:06:48.222 [schedule-pool-1] INFO  sys-user - [run,54] - [127.0.0.1]内网IP[barry][Logout][退出成功]
15:07:22.580 [schedule-pool-2] INFO  sys-user - [run,54] - [127.0.0.1]内网IP[barry][Success][登录成功]
15:07:25.065 [schedule-pool-1] INFO  sys-user - [run,54] - [127.0.0.1]内网IP[barry][Logout][退出成功]
15:07:49.245 [schedule-pool-3] INFO  sys-user - [run,54] - [127.0.0.1]内网IP[barry][Success][登录成功]
15:07:53.473 [schedule-pool-2] INFO  sys-user - [run,54] - [127.0.0.1]内网IP[barry][Logout][退出成功]
15:17:54.706 [lettuce-eventExecutorLoop-1-1] INFO  i.l.c.p.ConnectionWatchdog - [log,173] - Reconnecting, last destination was /10.4.126.114:6379
15:17:54.736 [lettuce-nioEventLoop-4-2] INFO  i.l.c.p.ReconnectionHandler - [lambda$null$3,177] - Reconnected to 10.4.126.114:6379
15:18:27.854 [schedule-pool-4] INFO  sys-user - [run,54] - [127.0.0.1]内网IP[barry][Success][登录成功]
15:39:01.646 [Thread-25] INFO  o.q.c.QuartzScheduler - [standby,585] - Scheduler RuoyiScheduler_$_hongweiangdeMBP.lan1598853888134 paused.
15:39:01.650 [Thread-25] INFO  o.q.c.QuartzScheduler - [shutdown,666] - Scheduler RuoyiScheduler_$_hongweiangdeMBP.lan1598853888134 shutting down.
15:39:01.650 [Thread-25] INFO  o.q.c.QuartzScheduler - [standby,585] - Scheduler RuoyiScheduler_$_hongweiangdeMBP.lan1598853888134 paused.
15:39:01.650 [Thread-25] INFO  o.q.c.QuartzScheduler - [shutdown,740] - Scheduler RuoyiScheduler_$_hongweiangdeMBP.lan1598853888134 shutdown complete.
15:39:01.651 [Thread-25] INFO  sys-user - [shutdownAsyncManager,31] - ====关闭后台任务任务线程池====
15:39:01.654 [Thread-25] INFO  c.a.d.p.DruidDataSource - [close,1928] - {dataSource-1} closed
15:39:09.794 [restartedMain] INFO  c.r.RuoYiApplication - [logStarting,50] - Starting RuoYiApplication on hongweiangdeMBP.lan with PID 12826 (/Users/hongweixiang/Neusoft/TEST/RuoYi-Vue/ruoyi-admin/target/classes started by hongweixiang in /Users/hongweixiang/Neusoft/TEST/RuoYi-Vue)
15:39:09.796 [restartedMain] INFO  c.r.RuoYiApplication - [logStartupProfileInfo,679] - The following profiles are active: druid
15:39:11.524 [restartedMain] INFO  o.a.c.h.Http11NioProtocol - [log,173] - Initializing ProtocolHandler ["http-nio-8087"]
15:39:11.530 [restartedMain] INFO  o.a.c.c.StandardService - [log,173] - Starting service [Tomcat]
15:39:11.530 [restartedMain] INFO  o.a.c.c.StandardEngine - [log,173] - Starting Servlet Engine: Apache Tomcat/9.0.13
15:39:11.534 [restartedMain] INFO  o.a.c.c.AprLifecycleListener - [log,173] - The APR based Apache Tomcat Native library which allows optimal performance in production environments was not found on the java.library.path: [/Users/hongweixiang/Library/Java/Extensions:/Library/Java/Extensions:/Network/Library/Java/Extensions:/System/Library/Java/Extensions:/usr/lib/java:.]
15:39:11.592 [restartedMain] INFO  o.a.c.c.C.[.[.[/] - [log,173] - Initializing Spring embedded WebApplicationContext
15:39:13.463 [restartedMain] INFO  c.a.d.p.DruidDataSource - [init,991] - {dataSource-1} inited
15:39:13.688 [restartedMain] INFO  i.l.c.EpollProvider - [<clinit>,68] - Starting without optional epoll library
15:39:13.689 [restartedMain] INFO  i.l.c.KqueueProvider - [<clinit>,70] - Starting without optional kqueue library
15:39:14.503 [restartedMain] INFO  o.q.i.StdSchedulerFactory - [instantiate,1208] - Using default implementation for ThreadExecutor
15:39:14.511 [restartedMain] INFO  o.q.c.SchedulerSignalerImpl - [<init>,61] - Initialized Scheduler Signaller of type: class org.quartz.core.SchedulerSignalerImpl
15:39:14.511 [restartedMain] INFO  o.q.c.QuartzScheduler - [<init>,229] - Quartz Scheduler v.2.3.0 created.
15:39:14.670 [restartedMain] INFO  o.q.c.QuartzScheduler - [initialize,294] - Scheduler meta-data: Quartz Scheduler (v2.3.0) 'RuoyiScheduler' with instanceId 'hongweiangdeMBP.lan1598859554504'
  Scheduler class: 'org.quartz.core.QuartzScheduler' - running locally.
  NOT STARTED.
  Currently in standby mode.
  Number of jobs executed: 0
  Using thread pool 'org.quartz.simpl.SimpleThreadPool' - with 20 threads.
  Using job-store 'org.springframework.scheduling.quartz.LocalDataSourceJobStore' - which supports persistence. and is clustered.

15:39:14.670 [restartedMain] INFO  o.q.i.StdSchedulerFactory - [instantiate,1362] - Quartz scheduler 'RuoyiScheduler' initialized from an externally provided properties instance.
15:39:14.670 [restartedMain] INFO  o.q.i.StdSchedulerFactory - [instantiate,1366] - Quartz scheduler version: 2.3.0
15:39:14.671 [restartedMain] INFO  o.q.c.QuartzScheduler - [setJobFactory,2287] - JobFactory set to: org.springframework.scheduling.quartz.AdaptableJobFactory@652c5d68
15:39:18.123 [restartedMain] INFO  s.d.s.w.PropertySourcedRequestMappingHandlerMapping - [initHandlerMethods,69] - Mapped URL path [/v2/api-docs] onto method [public org.springframework.http.ResponseEntity<springfox.documentation.spring.web.json.Json> springfox.documentation.swagger2.web.Swagger2Controller.getDocumentation(java.lang.String,javax.servlet.http.HttpServletRequest)]
15:39:18.854 [restartedMain] INFO  s.d.s.w.p.DocumentationPluginsBootstrapper - [start,160] - Context refreshed
15:39:18.863 [restartedMain] INFO  s.d.s.w.p.DocumentationPluginsBootstrapper - [start,163] - Found 1 custom documentation plugin(s)
15:39:18.902 [restartedMain] INFO  s.d.s.w.s.ApiListingReferenceScanner - [scan,41] - Scanning for api listing references
15:39:19.000 [restartedMain] INFO  o.a.c.h.Http11NioProtocol - [log,173] - Starting ProtocolHandler ["http-nio-8087"]
15:39:19.002 [restartedMain] INFO  o.a.t.u.n.NioSelectorPool - [log,173] - Using a shared selector for servlet write/read
15:39:19.016 [restartedMain] INFO  c.r.RuoYiApplication - [logStarted,59] - Started RuoYiApplication in 9.474 seconds (JVM running for 10.071)
15:39:20.199 [Quartz Scheduler [RuoyiScheduler]] INFO  o.q.c.QuartzScheduler - [start,547] - Scheduler RuoyiScheduler_$_hongweiangdeMBP.lan1598859554504 started.
15:39:22.885 [http-nio-8087-exec-1] INFO  o.a.c.c.C.[.[.[/] - [log,173] - Initializing Spring DispatcherServlet 'dispatcherServlet'
16:03:22.387 [Thread-22] INFO  o.q.c.QuartzScheduler - [standby,585] - Scheduler RuoyiScheduler_$_hongweiangdeMBP.lan1598859554504 paused.
16:03:22.391 [Thread-22] INFO  o.q.c.QuartzScheduler - [shutdown,666] - Scheduler RuoyiScheduler_$_hongweiangdeMBP.lan1598859554504 shutting down.
16:03:22.391 [Thread-22] INFO  o.q.c.QuartzScheduler - [standby,585] - Scheduler RuoyiScheduler_$_hongweiangdeMBP.lan1598859554504 paused.
16:03:22.392 [Thread-22] INFO  o.q.c.QuartzScheduler - [shutdown,740] - Scheduler RuoyiScheduler_$_hongweiangdeMBP.lan1598859554504 shutdown complete.
16:03:22.393 [Thread-22] INFO  sys-user - [shutdownAsyncManager,31] - ====关闭后台任务任务线程池====
16:03:22.398 [Thread-22] INFO  c.a.d.p.DruidDataSource - [close,1928] - {dataSource-1} closed
16:03:23.806 [restartedMain] INFO  c.r.RuoYiApplication - [logStarting,50] - Starting RuoYiApplication on hongweiangdeMBP.lan with PID 12826 (/Users/hongweixiang/Neusoft/TEST/RuoYi-Vue/ruoyi-admin/target/classes started by hongweixiang in /Users/hongweixiang/Neusoft/TEST/RuoYi-Vue)
16:03:23.807 [restartedMain] INFO  c.r.RuoYiApplication - [logStartupProfileInfo,679] - The following profiles are active: druid
16:03:24.245 [restartedMain] INFO  o.a.c.h.Http11NioProtocol - [log,173] - Initializing ProtocolHandler ["http-nio-8087"]
16:03:24.245 [restartedMain] INFO  o.a.c.c.StandardService - [log,173] - Starting service [Tomcat]
16:03:24.245 [restartedMain] INFO  o.a.c.c.StandardEngine - [log,173] - Starting Servlet Engine: Apache Tomcat/9.0.13
16:03:24.253 [restartedMain] INFO  o.a.c.c.C.[.[.[/] - [log,173] - Initializing Spring embedded WebApplicationContext
16:03:24.299 [restartedMain] INFO  o.a.c.c.StandardService - [log,173] - Stopping service [Tomcat]
16:03:25.942 [restartedMain] INFO  c.r.RuoYiApplication - [logStarting,50] - Starting RuoYiApplication on hongweiangdeMBP.lan with PID 12826 (/Users/hongweixiang/Neusoft/TEST/RuoYi-Vue/ruoyi-admin/target/classes started by hongweixiang in /Users/hongweixiang/Neusoft/TEST/RuoYi-Vue)
16:03:25.942 [restartedMain] INFO  c.r.RuoYiApplication - [logStartupProfileInfo,679] - The following profiles are active: druid
16:03:30.383 [restartedMain] INFO  c.r.RuoYiApplication - [logStarting,50] - Starting RuoYiApplication on hongweiangdeMBP.lan with PID 13759 (/Users/hongweixiang/Neusoft/TEST/RuoYi-Vue/ruoyi-admin/target/classes started by hongweixiang in /Users/hongweixiang/Neusoft/TEST/RuoYi-Vue)
16:03:30.386 [restartedMain] INFO  c.r.RuoYiApplication - [logStartupProfileInfo,679] - The following profiles are active: druid
16:04:51.519 [restartedMain] INFO  c.r.RuoYiApplication - [logStarting,50] - Starting RuoYiApplication on hongweiangdeMBP.lan with PID 13809 (/Users/hongweixiang/Neusoft/TEST/RuoYi-Vue/ruoyi-admin/target/classes started by hongweixiang in /Users/hongweixiang/Neusoft/TEST/RuoYi-Vue)
16:04:51.522 [restartedMain] INFO  c.r.RuoYiApplication - [logStartupProfileInfo,679] - The following profiles are active: druid
16:05:10.411 [restartedMain] INFO  c.r.RuoYiApplication - [logStarting,50] - Starting RuoYiApplication on hongweiangdeMBP.lan with PID 13824 (/Users/hongweixiang/Neusoft/TEST/RuoYi-Vue/ruoyi-admin/target/classes started by hongweixiang in /Users/hongweixiang/Neusoft/TEST/RuoYi-Vue)
16:05:10.413 [restartedMain] INFO  c.r.RuoYiApplication - [logStartupProfileInfo,679] - The following profiles are active: druid
16:05:54.618 [restartedMain] INFO  c.r.RuoYiApplication - [logStarting,50] - Starting RuoYiApplication on hongweiangdeMBP.lan with PID 13854 (/Users/hongweixiang/Neusoft/TEST/RuoYi-Vue/ruoyi-admin/target/classes started by hongweixiang in /Users/hongweixiang/Neusoft/TEST/RuoYi-Vue)
16:05:54.620 [restartedMain] INFO  c.r.RuoYiApplication - [logStartupProfileInfo,679] - The following profiles are active: druid
